PRT1
64
152
4 0 2 (3072 1024 -1632 ) (3072 1024 1440 ) (3072 1632 1440 ) (3072 1632 -1632 ) 
4 0 1 (3072 1024 1440 ) (3072 1024 -1632 ) (3808 1024 -1632 ) (3808 1024 1440 ) 
4 1 16 (3808 0 1440 ) (3072 0 1440 ) (3072 0 -1632 ) (3808 0 -1632 ) 
4 1 3 (3072 0 -1632 ) (3072 0 1440 ) (3072 1024 1440 ) (3072 1024 -1632 ) 
4 2 4 (2048 1024 -1632 ) (2048 1024 1440 ) (2048 1632 1440 ) (2048 1632 -1632 ) 
4 2 3 (3072 1024 -1632 ) (3072 1024 1440 ) (2048 1024 1440 ) (2048 1024 -1632 ) 
4 3 18 (3072 0 -1632 ) (3072 0 1440 ) (2048 0 1440 ) (2048 0 -1632 ) 
4 3 6 (2048 0 -1632 ) (2048 0 1440 ) (2048 1024 1440 ) (2048 1024 -1632 ) 
4 4 6 (2048 1024 -1632 ) (2048 1024 1440 ) (1024 1024 1440 ) (1024 1024 -1632 ) 
4 4 5 (1024 1024 -1632 ) (1024 1024 1440 ) (1024 1632 1440 ) (1024 1632 -1632 ) 
4 5 32 (0 1024 -1632 ) (0 1024 1440 ) (0 1632 1440 ) (0 1632 -1632 ) 
4 5 13 (0 1024 384 ) (0 1024 -1632 ) (448 1024 -1632 ) (448 1024 384 ) 
4 5 12 (0 1024 448 ) (0 1024 384 ) (448 1024 384 ) (448 1024 448 ) 
4 5 11 (448 1024 1440 ) (0 1024 1440 ) (0 1024 448 ) (448 1024 448 ) 
4 5 9 (512 1024 384 ) (448 1024 384 ) (448 1024 -1632 ) (512 1024 -1632 ) 
4 5 8 (1024 1024 -1632 ) (1024 1024 384 ) (512 1024 384 ) (512 1024 -1632 ) 
4 5 7 (1024 1024 384 ) (1024 1024 1440 ) (448 1024 1440 ) (448 1024 384 ) 
4 6 19 (2048 0 -1632 ) (2048 0 1440 ) (1024 0 1440 ) (1024 0 -1632 ) 
4 6 8 (1024 1024 384 ) (1024 1024 -1632 ) (1024 0 -1632 ) (1024 0 384 ) 
4 6 7 (1024 1024 1440 ) (1024 1024 384 ) (1024 0 384 ) (1024 0 1440 ) 
4 7 20 (1024 0 384 ) (1024 0 1440 ) (448 0 1440 ) (448 0 384 ) 
4 7 12 (448 256 448 ) (448 1024 448 ) (448 1024 384 ) (448 256 384 ) 
4 7 11 (448 0 448 ) (448 0 1440 ) (448 1024 1440 ) (448 1024 448 ) 
4 7 9 (448 256 384 ) (448 1024 384 ) (512 1024 384 ) (512 256 384 ) 
4 7 8 (1024 0 384 ) (512 0 384 ) (512 1024 384 ) (1024 1024 384 ) 
4 8 21 (1024 0 -1632 ) (1024 0 384 ) (512 0 384 ) (512 0 -1632 ) 
4 8 10 (512 256 -1632 ) (512 0 -1632 ) (512 0 0 ) (512 256 0 ) 
4 8 9 (512 1024 -1632 ) (512 256 -1632 ) (512 256 384 ) (512 1024 384 ) 
4 9 14 (448 320 0 ) (448 320 -1632 ) (448 256 -1632 ) (448 256 0 ) 
4 9 13 (448 320 384 ) (448 1024 384 ) (448 1024 -1632 ) (448 320 -1632 ) 
4 9 10 (448 256 -1632 ) (512 256 -1632 ) (512 256 0 ) (448 256 0 ) 
4 10 22 (448 0 0 ) (448 0 -1632 ) (512 0 -1632 ) (512 0 0 ) 
4 10 15 (448 0 -1632 ) (448 0 0 ) (448 256 0 ) (448 256 -1632 ) 
4 11 34 (0 0 448 ) (0 0 1440 ) (0 1024 1440 ) (0 1024 448 ) 
4 11 24 (448 0 448 ) (448 0 1440 ) (0 0 1440 ) (0 0 448 ) 
4 11 12 (448 1024 448 ) (448 256 448 ) (0 256 448 ) (0 1024 448 ) 
4 12 35 (0 256 448 ) (0 1024 448 ) (0 1024 384 ) (0 256 384 ) 
4 12 13 (0 320 384 ) (0 1024 384 ) (448 1024 384 ) (448 320 384 ) 
4 13 36 (0 320 384 ) (0 1024 384 ) (0 1024 -1632 ) (0 320 -1632 ) 
4 13 14 (0 320 -1632 ) (448 320 -1632 ) (448 320 0 ) (0 320 0 ) 
4 14 37 (0 320 0 ) (0 320 -1632 ) (0 256 -1632 ) (0 256 0 ) 
4 14 15 (0 256 -1632 ) (448 256 -1632 ) (448 256 0 ) (0 256 0 ) 
4 15 38 (0 0 -1632 ) (0 0 384 ) (0 256 384 ) (0 256 -1632 ) 
4 15 26 (448 0 -1632 ) (448 0 384 ) (0 0 384 ) (0 0 -1632 ) 
4 16 18 (3072 0 1440 ) (3072 0 -1632 ) (3072 -1024 -1632 ) (3072 -1024 1440 ) 
4 16 17 (3808 -1024 1440 ) (3072 -1024 1440 ) (3072 -1024 -1632 ) (3808 -1024 -1632 ) 
4 17 29 (3072 -1760 1440 ) (3072 -1024 1440 ) (3072 -1024 -1632 ) (3072 -1760 -1632 ) 
4 18 29 (3072 -1024 -1632 ) (3072 -1024 1440 ) (2048 -1024 1440 ) (2048 -1024 -1632 ) 
4 18 19 (2048 0 1440 ) (2048 0 -1632 ) (2048 -1024 -1632 ) (2048 -1024 1440 ) 
4 19 30 (2048 -1024 -1632 ) (2048 -1024 1440 ) (1024 -1024 1440 ) (1024 -1024 -1632 ) 
4 19 21 (1024 -1024 -1632 ) (1024 -1024 384 ) (1024 0 384 ) (1024 0 -1632 ) 
4 19 20 (1024 -1024 384 ) (1024 -1024 1440 ) (1024 0 1440 ) (1024 0 384 ) 
4 20 31 (1024 -1024 384 ) (1024 -1024 1440 ) (448 -1024 1440 ) (448 -1024 384 ) 
4 20 25 (448 -256 384 ) (448 -1024 384 ) (448 -1024 448 ) (448 -256 448 ) 
4 20 24 (448 0 1440 ) (448 0 448 ) (448 -1024 448 ) (448 -1024 1440 ) 
4 20 23 (512 -1024 384 ) (448 -1024 384 ) (448 -256 384 ) (512 -256 384 ) 
4 20 21 (1024 -1024 384 ) (512 -1024 384 ) (512 0 384 ) (1024 0 384 ) 
4 21 31 (1024 -1024 -1632 ) (1024 -1024 384 ) (512 -1024 384 ) (512 -1024 -1632 ) 
4 21 22 (512 0 -1632 ) (512 -256 -1632 ) (512 -256 0 ) (512 0 0 ) 
4 21 23 (512 -256 -1632 ) (512 -1024 -1632 ) (512 -1024 384 ) (512 -256 384 ) 
4 22 26 (448 0 0 ) (448 0 -1632 ) (448 -256 -1632 ) (448 -256 0 ) 
4 22 23 (448 -256 -1632 ) (512 -256 -1632 ) (512 -256 0 ) (448 -256 0 ) 
4 23 31 (512 -1024 384 ) (448 -1024 384 ) (448 -1024 -1632 ) (512 -1024 -1632 ) 
4 23 27 (448 -256 -1632 ) (448 -320 -1632 ) (448 -320 0 ) (448 -256 0 ) 
4 23 28 (448 -320 -1632 ) (448 -1024 -1632 ) (448 -1024 384 ) (448 -320 384 ) 
4 24 48 (0 -1024 448 ) (0 -1024 1440 ) (0 0 1440 ) (0 0 448 ) 
4 24 31 (448 -1024 448 ) (448 -1024 1440 ) (0 -1024 1440 ) (0 -1024 448 ) 
4 24 25 (0 -1024 448 ) (0 -256 448 ) (448 -256 448 ) (448 -1024 448 ) 
4 25 49 (0 -1024 384 ) (0 -1024 448 ) (0 -256 448 ) (0 -256 384 ) 
4 25 31 (448 -1024 384 ) (448 -1024 448 ) (0 -1024 448 ) (0 -1024 384 ) 
4 25 28 (448 -320 384 ) (448 -1024 384 ) (0 -1024 384 ) (0 -320 384 ) 
4 26 50 (0 -256 384 ) (0 0 384 ) (0 0 -1632 ) (0 -256 -1632 ) 
4 26 27 (0 -256 -1632 ) (448 -256 -1632 ) (448 -256 0 ) (0 -256 0 ) 
4 27 51 (0 -256 0 ) (0 -256 -1632 ) (0 -320 -1632 ) (0 -320 0 ) 
4 27 28 (0 -320 -1632 ) (448 -320 -1632 ) (448 -320 0 ) (0 -320 0 ) 
4 28 52 (0 -1024 -1632 ) (0 -1024 384 ) (0 -320 384 ) (0 -320 -1632 ) 
4 28 31 (448 -1024 -1632 ) (448 -1024 384 ) (0 -1024 384 ) (0 -1024 -1632 ) 
4 29 30 (2048 -1024 1440 ) (2048 -1024 -1632 ) (2048 -1760 -1632 ) (2048 -1760 1440 ) 
4 30 31 (1024 -1024 1440 ) (1024 -1024 -1632 ) (1024 -1760 -1632 ) (1024 -1760 1440 ) 
4 31 58 (0 -1760 1440 ) (0 -1024 1440 ) (0 -1024 -1632 ) (0 -1760 -1632 ) 
4 32 42 (-1024 1024 0 ) (-1024 1024 -1632 ) (-576 1024 -1632 ) (-576 1024 0 ) 
4 32 39 (-576 1024 1440 ) (-640 1024 1440 ) (-640 1024 0 ) (-576 1024 0 ) 
4 32 41 (-640 1024 1440 ) (-1024 1024 1440 ) (-1024 1024 0 ) (-640 1024 0 ) 
4 32 36 (0 1024 -1632 ) (0 1024 384 ) (-576 1024 384 ) (-576 1024 -1632 ) 
4 32 35 (0 1024 384 ) (0 1024 448 ) (-576 1024 448 ) (-576 1024 384 ) 
4 32 34 (0 1024 448 ) (0 1024 1440 ) (-576 1024 1440 ) (-576 1024 448 ) 
4 32 33 (-1024 1632 -1632 ) (-1024 1024 -1632 ) (-1024 1024 1440 ) (-1024 1632 1440 ) 
4 33 44 (-2048 1024 -1632 ) (-2048 1024 1440 ) (-2048 1632 1440 ) (-2048 1632 -1632 ) 
4 33 43 (-2048 1024 1440 ) (-2048 1024 -1632 ) (-1024 1024 -1632 ) (-1024 1024 1440 ) 
4 34 48 (0 0 448 ) (0 0 1440 ) (-576 0 1440 ) (-576 0 448 ) 
4 34 40 (-576 0 448 ) (-576 0 1440 ) (-576 256 1440 ) (-576 256 448 ) 
4 34 39 (-576 256 1440 ) (-576 1024 1440 ) (-576 1024 448 ) (-576 256 448 ) 
4 34 35 (-576 256 448 ) (-576 1024 448 ) (0 1024 448 ) (0 256 448 ) 
4 35 39 (-576 256 448 ) (-576 1024 448 ) (-576 1024 384 ) (-576 256 384 ) 
4 35 36 (-576 320 384 ) (-576 1024 384 ) (0 1024 384 ) (0 320 384 ) 
4 36 42 (-576 1024 0 ) (-576 1024 -1632 ) (-576 320 -1632 ) (-576 320 0 ) 
4 36 39 (-576 320 384 ) (-576 1024 384 ) (-576 1024 0 ) (-576 320 0 ) 
4 36 37 (-576 320 -1632 ) (0 320 -1632 ) (0 320 0 ) (-576 320 0 ) 
4 37 42 (-576 320 0 ) (-576 320 -1632 ) (-576 256 -1632 ) (-576 256 0 ) 
4 37 38 (-576 256 -1632 ) (0 256 -1632 ) (0 256 0 ) (-576 256 0 ) 
4 38 50 (0 0 -1632 ) (0 0 384 ) (-576 0 384 ) (-576 0 -1632 ) 
4 38 42 (-576 0 -1632 ) (-576 0 0 ) (-576 256 0 ) (-576 256 -1632 ) 
4 39 42 (-640 1024 0 ) (-576 1024 0 ) (-576 256 0 ) (-640 256 0 ) 
4 39 40 (-640 256 1440 ) (-640 256 384 ) (-576 256 384 ) (-576 256 1440 ) 
4 39 41 (-640 1024 0 ) (-640 256 0 ) (-640 256 1440 ) (-640 1024 1440 ) 
4 40 53 (-576 0 384 ) (-576 0 1440 ) (-640 0 1440 ) (-640 0 384 ) 
4 40 41 (-640 0 384 ) (-640 0 1440 ) (-640 256 1440 ) (-640 256 384 ) 
4 41 55 (-640 0 1440 ) (-1024 0 1440 ) (-1024 0 0 ) (-640 0 0 ) 
4 41 43 (-1024 1024 1440 ) (-1024 1024 0 ) (-1024 0 0 ) (-1024 0 1440 ) 
4 41 42 (-1024 0 0 ) (-1024 1024 0 ) (-640 1024 0 ) (-640 0 0 ) 
4 42 56 (-576 0 -1632 ) (-576 0 0 ) (-1024 0 0 ) (-1024 0 -1632 ) 
4 42 43 (-1024 1024 0 ) (-1024 1024 -1632 ) (-1024 0 -1632 ) (-1024 0 0 ) 
4 43 57 (-1024 0 -1632 ) (-1024 0 1440 ) (-2048 0 1440 ) (-2048 0 -1632 ) 
4 43 45 (-2048 0 -1632 ) (-2048 0 1440 ) (-2048 1024 1440 ) (-2048 1024 -1632 ) 
4 44 46 (-3072 1024 -1632 ) (-3072 1024 1440 ) (-3072 1632 1440 ) (-3072 1632 -1632 ) 
4 44 45 (-2048 1024 -1632 ) (-2048 1024 1440 ) (-3072 1024 1440 ) (-3072 1024 -1632 ) 
4 45 60 (-2048 0 -1632 ) (-2048 0 1440 ) (-3072 0 1440 ) (-3072 0 -1632 ) 
4 45 47 (-3072 0 -1632 ) (-3072 0 1440 ) (-3072 1024 1440 ) (-3072 1024 -1632 ) 
4 46 47 (-3072 1024 -1632 ) (-3072 1024 1440 ) (-3424 1024 1440 ) (-3424 1024 -1632 ) 
4 47 61 (-3072 0 -1632 ) (-3072 0 1440 ) (-3424 0 1440 ) (-3424 0 -1632 ) 
4 48 58 (0 -1024 448 ) (0 -1024 1440 ) (-576 -1024 1440 ) (-576 -1024 448 ) 
4 48 53 (-576 -256 1440 ) (-576 0 1440 ) (-576 0 448 ) (-576 -256 448 ) 
4 48 54 (-576 -1024 448 ) (-576 -1024 1440 ) (-576 -256 1440 ) (-576 -256 448 ) 
4 48 49 (0 -1024 448 ) (-576 -1024 448 ) (-576 -256 448 ) (0 -256 448 ) 
4 49 58 (0 -1024 384 ) (0 -1024 448 ) (-576 -1024 448 ) (-576 -1024 384 ) 
4 49 54 (-576 -1024 384 ) (-576 -1024 448 ) (-576 -256 448 ) (-576 -256 384 ) 
4 49 52 (-576 -1024 384 ) (-576 -320 384 ) (0 -320 384 ) (0 -1024 384 ) 
4 50 56 (-576 0 0 ) (-576 0 -1632 ) (-576 -256 -1632 ) (-576 -256 0 ) 
4 50 51 (-576 -256 -1632 ) (0 -256 -1632 ) (0 -256 0 ) (-576 -256 0 ) 
4 51 56 (-576 -256 0 ) (-576 -256 -1632 ) (-576 -320 -1632 ) (-576 -320 0 ) 
4 51 52 (-576 -320 -1632 ) (0 -320 -1632 ) (0 -320 0 ) (-576 -320 0 ) 
4 52 58 (0 -1024 -1632 ) (0 -1024 384 ) (-576 -1024 384 ) (-576 -1024 -1632 ) 
4 52 56 (-576 -1024 -1632 ) (-576 -1024 0 ) (-576 -320 0 ) (-576 -320 -1632 ) 
4 52 54 (-576 -1024 0 ) (-576 -1024 384 ) (-576 -320 384 ) (-576 -320 0 ) 
4 53 54 (-640 -256 1440 ) (-640 -256 384 ) (-576 -256 384 ) (-576 -256 1440 ) 
4 53 55 (-640 -256 384 ) (-640 -256 1440 ) (-640 0 1440 ) (-640 0 384 ) 
4 54 58 (-576 -1024 0 ) (-576 -1024 1440 ) (-640 -1024 1440 ) (-640 -1024 0 ) 
4 54 56 (-576 -256 0 ) (-576 -1024 0 ) (-640 -1024 0 ) (-640 -256 0 ) 
4 54 55 (-640 -256 0 ) (-640 -1024 0 ) (-640 -1024 1440 ) (-640 -256 1440 ) 
4 55 58 (-640 -1024 1440 ) (-1024 -1024 1440 ) (-1024 -1024 0 ) (-640 -1024 0 ) 
4 55 57 (-1024 0 1440 ) (-1024 0 0 ) (-1024 -1024 0 ) (-1024 -1024 1440 ) 
4 55 56 (-1024 -1024 0 ) (-1024 0 0 ) (-640 0 0 ) (-640 -1024 0 ) 
4 56 58 (-576 -1024 -1632 ) (-576 -1024 0 ) (-1024 -1024 0 ) (-1024 -1024 -1632 ) 
4 56 57 (-1024 0 0 ) (-1024 0 -1632 ) (-1024 -1024 -1632 ) (-1024 -1024 0 ) 
4 57 60 (-2048 0 1440 ) (-2048 0 -1632 ) (-2048 -1024 -1632 ) (-2048 -1024 1440 ) 
4 57 59 (-1024 -1024 -1632 ) (-1024 -1024 1440 ) (-2048 -1024 1440 ) (-2048 -1024 -1632 ) 
4 58 59 (-1024 -1760 1440 ) (-1024 -1024 1440 ) (-1024 -1024 -1632 ) (-1024 -1760 -1632 ) 
4 59 62 (-2048 -1760 1440 ) (-2048 -1024 1440 ) (-2048 -1024 -1632 ) (-2048 -1760 -1632 ) 
4 60 62 (-2048 -1024 -1632 ) (-2048 -1024 1440 ) (-3072 -1024 1440 ) (-3072 -1024 -1632 ) 
4 60 61 (-3072 0 1440 ) (-3072 0 -1632 ) (-3072 -1024 -1632 ) (-3072 -1024 1440 ) 
4 61 63 (-3072 -1024 -1632 ) (-3072 -1024 1440 ) (-3424 -1024 1440 ) (-3424 -1024 -1632 ) 
4 62 63 (-3072 -1024 1440 ) (-3072 -1024 -1632 ) (-3072 -1760 -1632 ) (-3072 -1760 1440 ) 
